<?xml version="1.0" encoding="UTF-8"?>
<testsuite name="com.yassine.jaa.api.AccountControllerTest" tests="4" skipped="0" failures="0" errors="0" timestamp="2024-12-18T14:50:19" hostname="LAPTOP-N4D6H305" time="1.511">
  <properties/>
  <testcase name="testCreateAccount()" classname="com.yassine.jaa.api.AccountControllerTest" time="1.488"/>
  <testcase name="testGetTransactions()" classname="com.yassine.jaa.api.AccountControllerTest" time="0.008"/>
  <testcase name="testGetAccount()" classname="com.yassine.jaa.api.AccountControllerTest" time="0.004"/>
  <testcase name="testGetAllAccounts()" classname="com.yassine.jaa.api.AccountControllerTest" time="0.004"/>
  <system-out><![CDATA[15:50:20.949 [Test worker] INFO com.yassine.jaa.api.AccountController -- Request to create account with initial amount 200.0 
]]></system-out>
  <system-err><![CDATA[]]></system-err>
</testsuite>
